[1.054s] DEBUG:colcon:Command line arguments: ['/usr/bin/colcon', 'build', '--symlink-install']
[1.054s] DEBUG:colcon:Parsed command line arguments: Namespace(log_base=None, log_level=None, verb_name='build', build_base='build', install_base='install', merge_install=False, symlink_install=True, test_result_base=None, continue_on_error=False, executor='parallel', parallel_workers=4, event_handlers=None, ignore_user_meta=False, metas=['./colcon.meta'], base_paths=['.'], packages_ignore=None, packages_ignore_regex=None, paths=None, packages_up_to=None, packages_up_to_regex=None, packages_above=None, packages_above_and_dependencies=None, packages_above_depth=None, packages_select_by_dep=None, packages_skip_by_dep=None, packages_skip_up_to=None, packages_select_build_failed=False, packages_skip_build_finished=False, packages_select_test_failures=False, packages_skip_test_passed=False, packages_select=None, packages_skip=None, packages_select_regex=None, packages_skip_regex=None, packages_start=None, packages_end=None, allow_overriding=[], cmake_args=None, cmake_target=None, cmake_target_skip_unavailable=False, cmake_clean_cache=False, cmake_clean_first=False, cmake_force_configure=False, ament_cmake_args=None, catkin_cmake_args=None, catkin_skip_building_tests=False, verb_parser=<colcon_defaults.argument_parser.defaults.DefaultArgumentsDecorator object at 0x7fc0802a8970>, verb_extension=<colcon_core.verb.build.BuildVerb object at 0x7fc0802a9240>, main=<bound method BuildVerb.main of <colcon_core.verb.build.BuildVerb object at 0x7fc0802a9240>>)
[1.102s] Level 1:colcon.colcon_core.package_discovery:discover_packages(colcon_meta) check parameters
[1.102s] Level 1:colcon.colcon_core.package_discovery:discover_packages(recursive) check parameters
[1.102s] Level 1:colcon.colcon_core.package_discovery:discover_packages(ignore) check parameters
[1.102s] Level 1:colcon.colcon_core.package_discovery:discover_packages(path) check parameters
[1.102s] Level 1:colcon.colcon_core.package_discovery:discover_packages(colcon_meta) discover
[1.102s] Level 1:colcon.colcon_core.package_discovery:discover_packages(recursive) discover
[1.102s] INFO:colcon.colcon_core.package_discovery:Crawling recursively for packages in '/home/lashwinth/develop/src'
[1.102s] Level 1:colcon.colcon_core.package_identification:_identify(.) by extensions ['ignore', 'ignore_ament_install']
[1.102s] Level 1:colcon.colcon_core.package_identification:_identify(.) by extension 'ignore'
[1.102s] Level 1:colcon.colcon_core.package_identification:_identify(.) by extension 'ignore_ament_install'
[1.102s] Level 1:colcon.colcon_core.package_identification:_identify(.) by extensions ['colcon_pkg']
[1.102s] Level 1:colcon.colcon_core.package_identification:_identify(.) by extension 'colcon_pkg'
[1.102s] Level 1:colcon.colcon_core.package_identification:_identify(.) by extensions ['colcon_meta']
[1.103s] Level 1:colcon.colcon_core.package_identification:_identify(.) by extension 'colcon_meta'
[1.103s] Level 1:colcon.colcon_core.package_identification:_identify(.) by extensions ['ros']
[1.103s] Level 1:colcon.colcon_core.package_identification:_identify(.) by extension 'ros'
[1.115s] DEBUG:colcon.colcon_core.package_identification:Package '.' with type 'ros.ament_cmake' and name 'articubot_one'
[1.115s] Level 1:colcon.colcon_core.package_discovery:discover_packages(recursive) using defaults
[1.115s] Level 1:colcon.colcon_core.package_discovery:discover_packages(ignore) discover
[1.115s] Level 1:colcon.colcon_core.package_discovery:discover_packages(ignore) using defaults
[1.115s] Level 1:colcon.colcon_core.package_discovery:discover_packages(path) discover
[1.115s] Level 1:colcon.colcon_core.package_discovery:discover_packages(path) using defaults
[1.208s] Level 1:colcon.colcon_core.package_discovery:discover_packages(prefix_path) check parameters
[1.208s] Level 1:colcon.colcon_core.package_discovery:discover_packages(prefix_path) discover
[1.239s] DEBUG:colcon.colcon_installed_package_information.package_discovery:Found 1 installed packages in /home/lashwinth/develop/src/install
[1.255s] DEBUG:colcon.colcon_installed_package_information.package_discovery:Found 380 installed packages in /opt/ros/humble
[1.257s] Level 1:colcon.colcon_core.package_discovery:discover_packages(prefix_path) using defaults
[1.369s] Level 5:colcon.colcon_core.verb:set package 'articubot_one' build argument 'cmake_args' from command line to 'None'
[1.369s] Level 5:colcon.colcon_core.verb:set package 'articubot_one' build argument 'cmake_target' from command line to 'None'
[1.369s] Level 5:colcon.colcon_core.verb:set package 'articubot_one' build argument 'cmake_target_skip_unavailable' from command line to 'False'
[1.369s] Level 5:colcon.colcon_core.verb:set package 'articubot_one' build argument 'cmake_clean_cache' from command line to 'False'
[1.369s] Level 5:colcon.colcon_core.verb:set package 'articubot_one' build argument 'cmake_clean_first' from command line to 'False'
[1.369s] Level 5:colcon.colcon_core.verb:set package 'articubot_one' build argument 'cmake_force_configure' from command line to 'False'
[1.369s] Level 5:colcon.colcon_core.verb:set package 'articubot_one' build argument 'ament_cmake_args' from command line to 'None'
[1.369s] Level 5:colcon.colcon_core.verb:set package 'articubot_one' build argument 'catkin_cmake_args' from command line to 'None'
[1.369s] Level 5:colcon.colcon_core.verb:set package 'articubot_one' build argument 'catkin_skip_building_tests' from command line to 'False'
[1.369s] DEBUG:colcon.colcon_core.verb:Building package 'articubot_one' with the following arguments: {'ament_cmake_args': None, 'build_base': '/home/lashwinth/develop/src/build/articubot_one', 'catkin_cmake_args': None, 'catkin_skip_building_tests': False, 'cmake_args': None, 'cmake_clean_cache': False, 'cmake_clean_first': False, 'cmake_force_configure': False, 'cmake_target': None, 'cmake_target_skip_unavailable': False, 'install_base': '/home/lashwinth/develop/src/install/articubot_one', 'merge_install': False, 'path': '/home/lashwinth/develop/src', 'symlink_install': True, 'test_result_base': None}
[1.384s] INFO:colcon.colcon_core.executor:Executing jobs using 'parallel' executor
[1.400s] DEBUG:colcon.colcon_parallel_executor.executor.parallel:run_until_complete
[1.400s] INFO:colcon.colcon_ros.task.ament_cmake.build:Building ROS package in '/home/lashwinth/develop/src' with build type 'ament_cmake'
[1.400s] INFO:colcon.colcon_cmake.task.cmake.build:Building CMake package in '/home/lashwinth/develop/src'
[1.418s] INFO:colcon.colcon_core.plugin_system:Skipping extension 'colcon_core.shell.bat': Not used on non-Windows systems
[1.418s] INFO:colcon.colcon_core.shell:Skip shell extension 'powershell' for command environment: Not usable outside of PowerShell
[1.418s] DEBUG:colcon.colcon_core.shell:Skip shell extension 'dsv' for command environment
[1.474s] DEBUG:colcon.colcon_core.event_handler.log_command:Invoking command in '/home/lashwinth/develop/src/build/articubot_one': CMAKE_PREFIX_PATH=${CMAKE_PREFIX_PATH}:/opt/ros/humble /usr/bin/cmake --build /home/lashwinth/develop/src/build/articubot_one -- -j4 -l4
[1.509s] DEBUG:colcon.colcon_core.event_handler.log_command:Invoked command in '/home/lashwinth/develop/src/build/articubot_one' returned '0': CMAKE_PREFIX_PATH=${CMAKE_PREFIX_PATH}:/opt/ros/humble /usr/bin/cmake --build /home/lashwinth/develop/src/build/articubot_one -- -j4 -l4
[1.540s] DEBUG:colcon.colcon_core.event_handler.log_command:Invoking command in '/home/lashwinth/develop/src/build/articubot_one': CMAKE_PREFIX_PATH=${CMAKE_PREFIX_PATH}:/opt/ros/humble /usr/bin/cmake --install /home/lashwinth/develop/src/build/articubot_one
[1.563s] Level 1:colcon.colcon_core.environment:create_environment_scripts_only(articubot_one)
[1.564s] DEBUG:colcon.colcon_core.event_handler.log_command:Invoked command in '/home/lashwinth/develop/src/build/articubot_one' returned '0': CMAKE_PREFIX_PATH=${CMAKE_PREFIX_PATH}:/opt/ros/humble /usr/bin/cmake --install /home/lashwinth/develop/src/build/articubot_one
[1.581s] Level 1:colcon.colcon_core.environment:checking '/home/lashwinth/develop/src/install/articubot_one' for CMake module files
[1.581s] Level 1:colcon.colcon_core.environment:checking '/home/lashwinth/develop/src/install/articubot_one' for CMake config files
[1.582s] Level 1:colcon.colcon_core.shell:create_environment_hook('articubot_one', 'cmake_prefix_path')
[1.597s] INFO:colcon.colcon_core.shell:Creating environment hook '/home/lashwinth/develop/src/install/articubot_one/share/articubot_one/hook/cmake_prefix_path.ps1'
[1.598s] INFO:colcon.colcon_core.shell:Creating environment descriptor '/home/lashwinth/develop/src/install/articubot_one/share/articubot_one/hook/cmake_prefix_path.dsv'
[1.598s] INFO:colcon.colcon_core.shell:Creating environment hook '/home/lashwinth/develop/src/install/articubot_one/share/articubot_one/hook/cmake_prefix_path.sh'
[1.599s] Level 1:colcon.colcon_core.environment:checking '/home/lashwinth/develop/src/install/articubot_one/bin'
[1.599s] Level 1:colcon.colcon_core.environment:checking '/home/lashwinth/develop/src/install/articubot_one/lib/pkgconfig/articubot_one.pc'
[1.599s] Level 1:colcon.colcon_core.environment:checking '/home/lashwinth/develop/src/install/articubot_one/lib/python3.10/site-packages'
[1.599s] Level 1:colcon.colcon_core.environment:checking '/home/lashwinth/develop/src/install/articubot_one/bin'
[1.615s] INFO:colcon.colcon_core.shell:Creating package script '/home/lashwinth/develop/src/install/articubot_one/share/articubot_one/package.ps1'
[1.616s] INFO:colcon.colcon_core.shell:Creating package descriptor '/home/lashwinth/develop/src/install/articubot_one/share/articubot_one/package.dsv'
[1.616s] INFO:colcon.colcon_core.shell:Creating package script '/home/lashwinth/develop/src/install/articubot_one/share/articubot_one/package.sh'
[1.617s] INFO:colcon.colcon_core.shell:Creating package script '/home/lashwinth/develop/src/install/articubot_one/share/articubot_one/package.bash'
[1.617s] INFO:colcon.colcon_core.shell:Creating package script '/home/lashwinth/develop/src/install/articubot_one/share/articubot_one/package.zsh'
[1.618s] Level 1:colcon.colcon_core.environment:create_file_with_runtime_dependencies(/home/lashwinth/develop/src/install/articubot_one/share/colcon-core/packages/articubot_one)
[1.654s] Level 1:colcon.colcon_core.environment:create_environment_scripts_only(articubot_one)
[1.669s] Level 1:colcon.colcon_core.environment:checking '/home/lashwinth/develop/src/install/articubot_one' for CMake module files
[1.669s] Level 1:colcon.colcon_core.environment:checking '/home/lashwinth/develop/src/install/articubot_one' for CMake config files
[1.670s] Level 1:colcon.colcon_core.shell:create_environment_hook('articubot_one', 'cmake_prefix_path')
[1.684s] INFO:colcon.colcon_core.shell:Creating environment hook '/home/lashwinth/develop/src/install/articubot_one/share/articubot_one/hook/cmake_prefix_path.ps1'
[1.685s] INFO:colcon.colcon_core.shell:Creating environment descriptor '/home/lashwinth/develop/src/install/articubot_one/share/articubot_one/hook/cmake_prefix_path.dsv'
[1.685s] INFO:colcon.colcon_core.shell:Creating environment hook '/home/lashwinth/develop/src/install/articubot_one/share/articubot_one/hook/cmake_prefix_path.sh'
[1.686s] Level 1:colcon.colcon_core.environment:checking '/home/lashwinth/develop/src/install/articubot_one/bin'
[1.686s] Level 1:colcon.colcon_core.environment:checking '/home/lashwinth/develop/src/install/articubot_one/lib/pkgconfig/articubot_one.pc'
[1.686s] Level 1:colcon.colcon_core.environment:checking '/home/lashwinth/develop/src/install/articubot_one/lib/python3.10/site-packages'
[1.686s] Level 1:colcon.colcon_core.environment:checking '/home/lashwinth/develop/src/install/articubot_one/bin'
[1.701s] INFO:colcon.colcon_core.shell:Creating package script '/home/lashwinth/develop/src/install/articubot_one/share/articubot_one/package.ps1'
[1.702s] INFO:colcon.colcon_core.shell:Creating package descriptor '/home/lashwinth/develop/src/install/articubot_one/share/articubot_one/package.dsv'
[1.702s] INFO:colcon.colcon_core.shell:Creating package script '/home/lashwinth/develop/src/install/articubot_one/share/articubot_one/package.sh'
[1.703s] INFO:colcon.colcon_core.shell:Creating package script '/home/lashwinth/develop/src/install/articubot_one/share/articubot_one/package.bash'
[1.703s] INFO:colcon.colcon_core.shell:Creating package script '/home/lashwinth/develop/src/install/articubot_one/share/articubot_one/package.zsh'
[1.703s] Level 1:colcon.colcon_core.environment:create_file_with_runtime_dependencies(/home/lashwinth/develop/src/install/articubot_one/share/colcon-core/packages/articubot_one)
[1.704s] DEBUG:colcon.colcon_parallel_executor.executor.parallel:closing loop
[1.704s] DEBUG:colcon.colcon_parallel_executor.executor.parallel:loop closed
[1.704s] DEBUG:colcon.colcon_parallel_executor.executor.parallel:run_until_complete finished with '0'
[1.704s] DEBUG:colcon.colcon_core.event_reactor:joining thread
[1.724s] INFO:colcon.colcon_core.plugin_system:Skipping extension 'colcon_notification.desktop_notification.terminal_notifier': Not used on non-Darwin systems
[1.724s] INFO:colcon.colcon_core.plugin_system:Skipping extension 'colcon_notification.desktop_notification.win32': Not used on non-Windows systems
[1.724s] INFO:colcon.colcon_notification.desktop_notification:Sending desktop notification using 'notify2'
[1.734s] DEBUG:colcon.colcon_core.event_reactor:joined thread
[1.751s] INFO:colcon.colcon_core.shell:Creating prefix script '/home/lashwinth/develop/src/install/local_setup.ps1'
[1.752s] INFO:colcon.colcon_core.shell:Creating prefix util module '/home/lashwinth/develop/src/install/_local_setup_util_ps1.py'
[1.753s] INFO:colcon.colcon_core.shell:Creating prefix chain script '/home/lashwinth/develop/src/install/setup.ps1'
[1.769s] INFO:colcon.colcon_core.shell:Creating prefix script '/home/lashwinth/develop/src/install/local_setup.sh'
[1.770s] INFO:colcon.colcon_core.shell:Creating prefix util module '/home/lashwinth/develop/src/install/_local_setup_util_sh.py'
[1.770s] INFO:colcon.colcon_core.shell:Creating prefix chain script '/home/lashwinth/develop/src/install/setup.sh'
[1.787s] INFO:colcon.colcon_core.shell:Creating prefix script '/home/lashwinth/develop/src/install/local_setup.bash'
[1.787s] INFO:colcon.colcon_core.shell:Creating prefix chain script '/home/lashwinth/develop/src/install/setup.bash'
[1.804s] INFO:colcon.colcon_core.shell:Creating prefix script '/home/lashwinth/develop/src/install/local_setup.zsh'
[1.804s] INFO:colcon.colcon_core.shell:Creating prefix chain script '/home/lashwinth/develop/src/install/setup.zsh'
