[0.032s] Invoking command in '/home/lashwinth/develop/src/build/articubot_one': CMAKE_PREFIX_PATH=/opt/ros/humble /usr/bin/cmake /home/lashwinth/develop/src -DAMENT_CMAKE_SYMLINK_INSTALL=1 -DCMAKE_INSTALL_PREFIX=/home/lashwinth/develop/src/install/articubot_one
[0.066s] -- The C compiler identification is GNU 11.4.0
[0.101s] -- The CXX compiler identification is GNU 11.4.0
[0.106s] -- Detecting C compiler ABI info
[0.151s] -- Detecting C compiler ABI info - done
[0.155s] -- Check for working C compiler: /usr/bin/cc - skipped
[0.155s] -- Detecting C compile features
[0.155s] -- Detecting C compile features - done
[0.157s] -- Detecting CXX compiler ABI info
[0.206s] -- Detecting CXX compiler ABI info - done
[0.211s] -- Check for working CXX compiler: /usr/bin/c++ - skipped
[0.211s] -- Detecting CXX compile features
[0.211s] -- Detecting CXX compile features - done
[0.213s] -- Found ament_cmake: 1.3.6 (/opt/ros/humble/share/ament_cmake/cmake)
[0.318s] -- Found Python3: /usr/bin/python3.10 (found version "3.10.12") found components: Interpreter 
[0.357s] -- Override CMake install command with custom implementation using symlinks instead of copying resources
[0.374s] -- Found ament_lint_auto: 0.12.9 (/opt/ros/humble/share/ament_lint_auto/cmake)
[0.425s] -- Added test 'copyright' to check source files copyright and LICENSE
[0.427s] -- Added test 'cppcheck' to perform static code analysis on C / C++ code
[0.428s] -- Configured cppcheck include dirs: 
[0.428s] -- Configured cppcheck exclude dirs and/or files: 
[0.430s] -- Added test 'cpplint' to check C / C++ code against the Google style
[0.430s] -- Configured cpplint exclude dirs and/or files: 
[0.430s] -- Added test 'flake8' to check Python code syntax and style conventions
[0.431s] -- Added test 'lint_cmake' to check CMake code style
[0.431s] -- Added test 'pep257' to check Python code against some of the docstring style conventions in PEP 257
[0.434s] -- Added test 'uncrustify' to check C / C++ code style
[0.434s] -- Configured uncrustify additional arguments: 
[0.435s] -- Added test 'xmllint' to check XML markup files
[0.435s] -- Configuring done
[0.437s] -- Generating done
[0.438s] -- Build files have been written to: /home/lashwinth/develop/src/build/articubot_one
[0.441s] Invoked command in '/home/lashwinth/develop/src/build/articubot_one' returned '0': CMAKE_PREFIX_PATH=/opt/ros/humble /usr/bin/cmake /home/lashwinth/develop/src -DAMENT_CMAKE_SYMLINK_INSTALL=1 -DCMAKE_INSTALL_PREFIX=/home/lashwinth/develop/src/install/articubot_one
[0.442s] Invoking command in '/home/lashwinth/develop/src/build/articubot_one': CMAKE_PREFIX_PATH=/opt/ros/humble /usr/bin/cmake --build /home/lashwinth/develop/src/build/articubot_one -- -j8 -l8
[0.466s] Invoked command in '/home/lashwinth/develop/src/build/articubot_one' returned '0': CMAKE_PREFIX_PATH=/opt/ros/humble /usr/bin/cmake --build /home/lashwinth/develop/src/build/articubot_one -- -j8 -l8
[0.486s] Invoking command in '/home/lashwinth/develop/src/build/articubot_one': CMAKE_PREFIX_PATH=/opt/ros/humble /usr/bin/cmake --install /home/lashwinth/develop/src/build/articubot_one
[0.491s] -- Install configuration: ""
[0.491s] -- Execute custom install script
[0.491s] -- Symlinking: /home/lashwinth/develop/src/install/articubot_one/share/articubot_one/config/drive_bot.rviz
[0.497s] -- Symlinking: /home/lashwinth/develop/src/install/articubot_one/share/articubot_one/config/empty.yaml
[0.504s] -- Symlinking: /home/lashwinth/develop/src/install/articubot_one/share/articubot_one/config/mapper_params_online_async.yaml
[0.509s] -- Symlinking: /home/lashwinth/develop/src/install/articubot_one/share/articubot_one/config/view_bot.rviz
[0.515s] -- Symlinking: /home/lashwinth/develop/src/install/articubot_one/share/articubot_one/description/camera.xacro
[0.521s] -- Symlinking: /home/lashwinth/develop/src/install/articubot_one/share/articubot_one/description/depth_camera.xacro
[0.526s] -- Symlinking: /home/lashwinth/develop/src/install/articubot_one/share/articubot_one/description/gazebo_control.xacro
[0.532s] -- Symlinking: /home/lashwinth/develop/src/install/articubot_one/share/articubot_one/description/inertial_macros.xacro
[0.539s] -- Symlinking: /home/lashwinth/develop/src/install/articubot_one/share/articubot_one/description/lidar.xacro
[0.544s] -- Symlinking: /home/lashwinth/develop/src/install/articubot_one/share/articubot_one/description/robot.urdf.xacro
[0.550s] -- Symlinking: /home/lashwinth/develop/src/install/articubot_one/share/articubot_one/description/robot_core.xacro
[0.555s] -- Symlinking: /home/lashwinth/develop/src/install/articubot_one/share/articubot_one/launch/camera.launch.py
[0.561s] -- Symlinking: /home/lashwinth/develop/src/install/articubot_one/share/articubot_one/launch/launch_sim.launch.py
[0.567s] -- Symlinking: /home/lashwinth/develop/src/install/articubot_one/share/articubot_one/launch/rplidar.launch.py
[0.572s] -- Symlinking: /home/lashwinth/develop/src/install/articubot_one/share/articubot_one/launch/rsp.launch.py
[0.578s] -- Symlinking: /home/lashwinth/develop/src/install/articubot_one/share/articubot_one/worlds/Lunabotics_wall/model.config
[0.583s] -- Symlinking: /home/lashwinth/develop/src/install/articubot_one/share/articubot_one/worlds/Lunabotics_wall/model.sdf
[0.589s] -- Symlinking: /home/lashwinth/develop/src/install/articubot_one/share/articubot_one/worlds/empty.world
[0.594s] -- Symlinking: /home/lashwinth/develop/src/install/articubot_one/share/articubot_one/worlds/lunabotics.world
[0.600s] -- Symlinking: /home/lashwinth/develop/src/install/articubot_one/share/articubot_one/worlds/obstacles.world
[0.606s] -- Symlinking: /home/lashwinth/develop/src/install/articubot_one/share/ament_index/resource_index/package_run_dependencies/articubot_one
[0.611s] -- Symlinking: /home/lashwinth/develop/src/install/articubot_one/share/ament_index/resource_index/parent_prefix_path/articubot_one
[0.618s] -- Symlinking: /home/lashwinth/develop/src/install/articubot_one/share/articubot_one/environment/ament_prefix_path.sh
[0.623s] -- Symlinking: /home/lashwinth/develop/src/install/articubot_one/share/articubot_one/environment/ament_prefix_path.dsv
[0.629s] -- Symlinking: /home/lashwinth/develop/src/install/articubot_one/share/articubot_one/environment/path.sh
[0.635s] -- Symlinking: /home/lashwinth/develop/src/install/articubot_one/share/articubot_one/environment/path.dsv
[0.641s] -- Symlinking: /home/lashwinth/develop/src/install/articubot_one/share/articubot_one/local_setup.bash
[0.646s] -- Symlinking: /home/lashwinth/develop/src/install/articubot_one/share/articubot_one/local_setup.sh
[0.652s] -- Symlinking: /home/lashwinth/develop/src/install/articubot_one/share/articubot_one/local_setup.zsh
[0.657s] -- Symlinking: /home/lashwinth/develop/src/install/articubot_one/share/articubot_one/local_setup.dsv
[0.663s] -- Symlinking: /home/lashwinth/develop/src/install/articubot_one/share/articubot_one/package.dsv
[0.669s] -- Symlinking: /home/lashwinth/develop/src/install/articubot_one/share/ament_index/resource_index/packages/articubot_one
[0.674s] -- Symlinking: /home/lashwinth/develop/src/install/articubot_one/share/articubot_one/cmake/articubot_oneConfig.cmake
[0.680s] -- Symlinking: /home/lashwinth/develop/src/install/articubot_one/share/articubot_one/cmake/articubot_oneConfig-version.cmake
[0.686s] -- Symlinking: /home/lashwinth/develop/src/install/articubot_one/share/articubot_one/package.xml
[0.693s] Invoked command in '/home/lashwinth/develop/src/build/articubot_one' returned '0': CMAKE_PREFIX_PATH=/opt/ros/humble /usr/bin/cmake --install /home/lashwinth/develop/src/build/articubot_one
