[1.821s] DEBUG:colcon:Command line arguments: ['/usr/bin/colcon', 'build', '--symlink-install']
[1.821s] DEBUG:colcon:Parsed command line arguments: Namespace(log_base=None, log_level=None, verb_name='build', build_base='build', install_base='install', merge_install=False, symlink_install=True, test_result_base=None, continue_on_error=False, executor='parallel', parallel_workers=8, event_handlers=None, ignore_user_meta=False, metas=['./colcon.meta'], base_paths=['.'], packages_ignore=None, packages_ignore_regex=None, paths=None, packages_up_to=None, packages_up_to_regex=None, packages_above=None, packages_above_and_dependencies=None, packages_above_depth=None, packages_select_by_dep=None, packages_skip_by_dep=None, packages_skip_up_to=None, packages_select_build_failed=False, packages_skip_build_finished=False, packages_select_test_failures=False, packages_skip_test_passed=False, packages_select=None, packages_skip=None, packages_select_regex=None, packages_skip_regex=None, packages_start=None, packages_end=None, allow_overriding=[], cmake_args=None, cmake_target=None, cmake_target_skip_unavailable=False, cmake_clean_cache=False, cmake_clean_first=False, cmake_force_configure=False, ament_cmake_args=None, catkin_cmake_args=None, catkin_skip_building_tests=False, verb_parser=<colcon_defaults.argument_parser.defaults.DefaultArgumentsDecorator object at 0x7f2c87d3c970>, verb_extension=<colcon_core.verb.build.BuildVerb object at 0x7f2c87d3d240>, main=<bound method BuildVerb.main of <colcon_core.verb.build.BuildVerb object at 0x7f2c87d3d240>>)
[1.905s] Level 1:colcon.colcon_core.package_discovery:discover_packages(colcon_meta) check parameters
[1.906s] Level 1:colcon.colcon_core.package_discovery:discover_packages(recursive) check parameters
[1.906s] Level 1:colcon.colcon_core.package_discovery:discover_packages(ignore) check parameters
[1.906s] Level 1:colcon.colcon_core.package_discovery:discover_packages(path) check parameters
[1.906s] Level 1:colcon.colcon_core.package_discovery:discover_packages(colcon_meta) discover
[1.906s] Level 1:colcon.colcon_core.package_discovery:discover_packages(recursive) discover
[1.906s] INFO:colcon.colcon_core.package_discovery:Crawling recursively for packages in '/home/lashwinth/develop/src'
[1.906s] Level 1:colcon.colcon_core.package_identification:_identify(.) by extensions ['ignore', 'ignore_ament_install']
[1.906s] Level 1:colcon.colcon_core.package_identification:_identify(.) by extension 'ignore'
[1.906s] Level 1:colcon.colcon_core.package_identification:_identify(.) by extension 'ignore_ament_install'
[1.907s] Level 1:colcon.colcon_core.package_identification:_identify(.) by extensions ['colcon_pkg']
[1.907s] Level 1:colcon.colcon_core.package_identification:_identify(.) by extension 'colcon_pkg'
[1.907s] Level 1:colcon.colcon_core.package_identification:_identify(.) by extensions ['colcon_meta']
[1.907s] Level 1:colcon.colcon_core.package_identification:_identify(.) by extension 'colcon_meta'
[1.907s] Level 1:colcon.colcon_core.package_identification:_identify(.) by extensions ['ros']
[1.907s] Level 1:colcon.colcon_core.package_identification:_identify(.) by extension 'ros'
[1.932s] DEBUG:colcon.colcon_core.package_identification:Package '.' with type 'ros.ament_cmake' and name 'articubot_one'
[1.932s] Level 1:colcon.colcon_core.package_discovery:discover_packages(recursive) using defaults
[1.932s] Level 1:colcon.colcon_core.package_discovery:discover_packages(ignore) discover
[1.932s] Level 1:colcon.colcon_core.package_discovery:discover_packages(ignore) using defaults
[1.932s] Level 1:colcon.colcon_core.package_discovery:discover_packages(path) discover
[1.932s] Level 1:colcon.colcon_core.package_discovery:discover_packages(path) using defaults
[2.104s] Level 1:colcon.colcon_core.package_discovery:discover_packages(prefix_path) check parameters
[2.104s] Level 1:colcon.colcon_core.package_discovery:discover_packages(prefix_path) discover
[2.158s] DEBUG:colcon.colcon_installed_package_information.package_discovery:Found 1 installed packages in /home/lashwinth/develop/src/install
[2.187s] DEBUG:colcon.colcon_installed_package_information.package_discovery:Found 380 installed packages in /opt/ros/humble
[2.190s] Level 1:colcon.colcon_core.package_discovery:discover_packages(prefix_path) using defaults
[2.398s] Level 5:colcon.colcon_core.verb:set package 'articubot_one' build argument 'cmake_args' from command line to 'None'
[2.398s] Level 5:colcon.colcon_core.verb:set package 'articubot_one' build argument 'cmake_target' from command line to 'None'
[2.398s] Level 5:colcon.colcon_core.verb:set package 'articubot_one' build argument 'cmake_target_skip_unavailable' from command line to 'False'
[2.398s] Level 5:colcon.colcon_core.verb:set package 'articubot_one' build argument 'cmake_clean_cache' from command line to 'False'
[2.398s] Level 5:colcon.colcon_core.verb:set package 'articubot_one' build argument 'cmake_clean_first' from command line to 'False'
[2.398s] Level 5:colcon.colcon_core.verb:set package 'articubot_one' build argument 'cmake_force_configure' from command line to 'False'
[2.398s] Level 5:colcon.colcon_core.verb:set package 'articubot_one' build argument 'ament_cmake_args' from command line to 'None'
[2.398s] Level 5:colcon.colcon_core.verb:set package 'articubot_one' build argument 'catkin_cmake_args' from command line to 'None'
[2.398s] Level 5:colcon.colcon_core.verb:set package 'articubot_one' build argument 'catkin_skip_building_tests' from command line to 'False'
[2.398s] DEBUG:colcon.colcon_core.verb:Building package 'articubot_one' with the following arguments: {'ament_cmake_args': None, 'build_base': '/home/lashwinth/develop/src/build/articubot_one', 'catkin_cmake_args': None, 'catkin_skip_building_tests': False, 'cmake_args': None, 'cmake_clean_cache': False, 'cmake_clean_first': False, 'cmake_force_configure': False, 'cmake_target': None, 'cmake_target_skip_unavailable': False, 'install_base': '/home/lashwinth/develop/src/install/articubot_one', 'merge_install': False, 'path': '/home/lashwinth/develop/src', 'symlink_install': True, 'test_result_base': None}
[2.424s] INFO:colcon.colcon_core.executor:Executing jobs using 'parallel' executor
[2.453s] DEBUG:colcon.colcon_parallel_executor.executor.parallel:run_until_complete
[2.453s] INFO:colcon.colcon_ros.task.ament_cmake.build:Building ROS package in '/home/lashwinth/develop/src' with build type 'ament_cmake'
[2.454s] INFO:colcon.colcon_cmake.task.cmake.build:Building CMake package in '/home/lashwinth/develop/src'
[2.483s] INFO:colcon.colcon_core.plugin_system:Skipping extension 'colcon_core.shell.bat': Not used on non-Windows systems
[2.483s] INFO:colcon.colcon_core.shell:Skip shell extension 'powershell' for command environment: Not usable outside of PowerShell
[2.483s] DEBUG:colcon.colcon_core.shell:Skip shell extension 'dsv' for command environment
[2.589s] DEBUG:colcon.colcon_core.event_handler.log_command:Invoking command in '/home/lashwinth/develop/src/build/articubot_one': CMAKE_PREFIX_PATH=${CMAKE_PREFIX_PATH}:/opt/ros/humble /usr/bin/cmake --build /home/lashwinth/develop/src/build/articubot_one -- -j8 -l8
[2.653s] DEBUG:colcon.colcon_core.event_handler.log_command:Invoked command in '/home/lashwinth/develop/src/build/articubot_one' returned '0': CMAKE_PREFIX_PATH=${CMAKE_PREFIX_PATH}:/opt/ros/humble /usr/bin/cmake --build /home/lashwinth/develop/src/build/articubot_one -- -j8 -l8
[2.708s] DEBUG:colcon.colcon_core.event_handler.log_command:Invoking command in '/home/lashwinth/develop/src/build/articubot_one': CMAKE_PREFIX_PATH=${CMAKE_PREFIX_PATH}:/opt/ros/humble /usr/bin/cmake --install /home/lashwinth/develop/src/build/articubot_one
[2.749s] Level 1:colcon.colcon_core.environment:create_environment_scripts_only(articubot_one)
[2.750s] DEBUG:colcon.colcon_core.event_handler.log_command:Invoked command in '/home/lashwinth/develop/src/build/articubot_one' returned '0': CMAKE_PREFIX_PATH=${CMAKE_PREFIX_PATH}:/opt/ros/humble /usr/bin/cmake --install /home/lashwinth/develop/src/build/articubot_one
[2.785s] Level 1:colcon.colcon_core.environment:checking '/home/lashwinth/develop/src/install/articubot_one' for CMake module files
[2.786s] Level 1:colcon.colcon_core.environment:checking '/home/lashwinth/develop/src/install/articubot_one' for CMake config files
[2.787s] Level 1:colcon.colcon_core.shell:create_environment_hook('articubot_one', 'cmake_prefix_path')
[2.815s] INFO:colcon.colcon_core.shell:Creating environment hook '/home/lashwinth/develop/src/install/articubot_one/share/articubot_one/hook/cmake_prefix_path.ps1'
[2.816s] INFO:colcon.colcon_core.shell:Creating environment descriptor '/home/lashwinth/develop/src/install/articubot_one/share/articubot_one/hook/cmake_prefix_path.dsv'
[2.817s] INFO:colcon.colcon_core.shell:Creating environment hook '/home/lashwinth/develop/src/install/articubot_one/share/articubot_one/hook/cmake_prefix_path.sh'
[2.818s] Level 1:colcon.colcon_core.environment:checking '/home/lashwinth/develop/src/install/articubot_one/bin'
[2.818s] Level 1:colcon.colcon_core.environment:checking '/home/lashwinth/develop/src/install/articubot_one/lib/pkgconfig/articubot_one.pc'
[2.819s] Level 1:colcon.colcon_core.environment:checking '/home/lashwinth/develop/src/install/articubot_one/lib/python3.10/site-packages'
[2.819s] Level 1:colcon.colcon_core.environment:checking '/home/lashwinth/develop/src/install/articubot_one/bin'
[2.846s] INFO:colcon.colcon_core.shell:Creating package script '/home/lashwinth/develop/src/install/articubot_one/share/articubot_one/package.ps1'
[2.847s] INFO:colcon.colcon_core.shell:Creating package descriptor '/home/lashwinth/develop/src/install/articubot_one/share/articubot_one/package.dsv'
[2.848s] INFO:colcon.colcon_core.shell:Creating package script '/home/lashwinth/develop/src/install/articubot_one/share/articubot_one/package.sh'
[2.849s] INFO:colcon.colcon_core.shell:Creating package script '/home/lashwinth/develop/src/install/articubot_one/share/articubot_one/package.bash'
[2.850s] INFO:colcon.colcon_core.shell:Creating package script '/home/lashwinth/develop/src/install/articubot_one/share/articubot_one/package.zsh'
[2.852s] Level 1:colcon.colcon_core.environment:create_file_with_runtime_dependencies(/home/lashwinth/develop/src/install/articubot_one/share/colcon-core/packages/articubot_one)
[2.919s] Level 1:colcon.colcon_core.environment:create_environment_scripts_only(articubot_one)
[2.947s] Level 1:colcon.colcon_core.environment:checking '/home/lashwinth/develop/src/install/articubot_one' for CMake module files
[2.948s] Level 1:colcon.colcon_core.environment:checking '/home/lashwinth/develop/src/install/articubot_one' for CMake config files
[2.948s] Level 1:colcon.colcon_core.shell:create_environment_hook('articubot_one', 'cmake_prefix_path')
[2.977s] INFO:colcon.colcon_core.shell:Creating environment hook '/home/lashwinth/develop/src/install/articubot_one/share/articubot_one/hook/cmake_prefix_path.ps1'
[2.978s] INFO:colcon.colcon_core.shell:Creating environment descriptor '/home/lashwinth/develop/src/install/articubot_one/share/articubot_one/hook/cmake_prefix_path.dsv'
[2.978s] INFO:colcon.colcon_core.shell:Creating environment hook '/home/lashwinth/develop/src/install/articubot_one/share/articubot_one/hook/cmake_prefix_path.sh'
[2.979s] Level 1:colcon.colcon_core.environment:checking '/home/lashwinth/develop/src/install/articubot_one/bin'
[2.980s] Level 1:colcon.colcon_core.environment:checking '/home/lashwinth/develop/src/install/articubot_one/lib/pkgconfig/articubot_one.pc'
[2.980s] Level 1:colcon.colcon_core.environment:checking '/home/lashwinth/develop/src/install/articubot_one/lib/python3.10/site-packages'
[2.980s] Level 1:colcon.colcon_core.environment:checking '/home/lashwinth/develop/src/install/articubot_one/bin'
[3.007s] INFO:colcon.colcon_core.shell:Creating package script '/home/lashwinth/develop/src/install/articubot_one/share/articubot_one/package.ps1'
[3.008s] INFO:colcon.colcon_core.shell:Creating package descriptor '/home/lashwinth/develop/src/install/articubot_one/share/articubot_one/package.dsv'
[3.009s] INFO:colcon.colcon_core.shell:Creating package script '/home/lashwinth/develop/src/install/articubot_one/share/articubot_one/package.sh'
[3.010s] INFO:colcon.colcon_core.shell:Creating package script '/home/lashwinth/develop/src/install/articubot_one/share/articubot_one/package.bash'
[3.011s] INFO:colcon.colcon_core.shell:Creating package script '/home/lashwinth/develop/src/install/articubot_one/share/articubot_one/package.zsh'
[3.011s] Level 1:colcon.colcon_core.environment:create_file_with_runtime_dependencies(/home/lashwinth/develop/src/install/articubot_one/share/colcon-core/packages/articubot_one)
[3.012s] DEBUG:colcon.colcon_parallel_executor.executor.parallel:closing loop
[3.012s] DEBUG:colcon.colcon_parallel_executor.executor.parallel:loop closed
[3.013s] DEBUG:colcon.colcon_parallel_executor.executor.parallel:run_until_complete finished with '0'
[3.013s] DEBUG:colcon.colcon_core.event_reactor:joining thread
[3.055s] INFO:colcon.colcon_core.plugin_system:Skipping extension 'colcon_notification.desktop_notification.terminal_notifier': Not used on non-Darwin systems
[3.055s] INFO:colcon.colcon_core.plugin_system:Skipping extension 'colcon_notification.desktop_notification.win32': Not used on non-Windows systems
[3.056s] INFO:colcon.colcon_notification.desktop_notification:Sending desktop notification using 'notify2'
[3.074s] DEBUG:colcon.colcon_core.event_reactor:joined thread
[3.102s] INFO:colcon.colcon_core.shell:Creating prefix script '/home/lashwinth/develop/src/install/local_setup.ps1'
[3.104s] INFO:colcon.colcon_core.shell:Creating prefix util module '/home/lashwinth/develop/src/install/_local_setup_util_ps1.py'
[3.107s] INFO:colcon.colcon_core.shell:Creating prefix chain script '/home/lashwinth/develop/src/install/setup.ps1'
[3.134s] INFO:colcon.colcon_core.shell:Creating prefix script '/home/lashwinth/develop/src/install/local_setup.sh'
[3.135s] INFO:colcon.colcon_core.shell:Creating prefix util module '/home/lashwinth/develop/src/install/_local_setup_util_sh.py'
[3.136s] INFO:colcon.colcon_core.shell:Creating prefix chain script '/home/lashwinth/develop/src/install/setup.sh'
[3.163s] INFO:colcon.colcon_core.shell:Creating prefix script '/home/lashwinth/develop/src/install/local_setup.bash'
[3.164s] INFO:colcon.colcon_core.shell:Creating prefix chain script '/home/lashwinth/develop/src/install/setup.bash'
[3.192s] INFO:colcon.colcon_core.shell:Creating prefix script '/home/lashwinth/develop/src/install/local_setup.zsh'
[3.192s] INFO:colcon.colcon_core.shell:Creating prefix chain script '/home/lashwinth/develop/src/install/setup.zsh'
