[0.589s] DEBUG:colcon:Command line arguments: ['/usr/bin/colcon', 'build', '--symlink-install']
[0.589s] DEBUG:colcon:Parsed command line arguments: Namespace(log_base=None, log_level=None, verb_name='build', build_base='build', install_base='install', merge_install=False, symlink_install=True, test_result_base=None, continue_on_error=False, executor='parallel', parallel_workers=8, event_handlers=None, ignore_user_meta=False, metas=['./colcon.meta'], base_paths=['.'], packages_ignore=None, packages_ignore_regex=None, paths=None, packages_up_to=None, packages_up_to_regex=None, packages_above=None, packages_above_and_dependencies=None, packages_above_depth=None, packages_select_by_dep=None, packages_skip_by_dep=None, packages_skip_up_to=None, packages_select_build_failed=False, packages_skip_build_finished=False, packages_select_test_failures=False, packages_skip_test_passed=False, packages_select=None, packages_skip=None, packages_select_regex=None, packages_skip_regex=None, packages_start=None, packages_end=None, allow_overriding=[], cmake_args=None, cmake_target=None, cmake_target_skip_unavailable=False, cmake_clean_cache=False, cmake_clean_first=False, cmake_force_configure=False, ament_cmake_args=None, catkin_cmake_args=None, catkin_skip_building_tests=False, verb_parser=<colcon_defaults.argument_parser.defaults.DefaultArgumentsDecorator object at 0x7fa6027a0670>, verb_extension=<colcon_core.verb.build.BuildVerb object at 0x7fa6027a1240>, main=<bound method BuildVerb.main of <colcon_core.verb.build.BuildVerb object at 0x7fa6027a1240>>)
[0.618s] Level 1:colcon.colcon_core.package_discovery:discover_packages(colcon_meta) check parameters
[0.618s] Level 1:colcon.colcon_core.package_discovery:discover_packages(recursive) check parameters
[0.618s] Level 1:colcon.colcon_core.package_discovery:discover_packages(ignore) check parameters
[0.618s] Level 1:colcon.colcon_core.package_discovery:discover_packages(path) check parameters
[0.618s] Level 1:colcon.colcon_core.package_discovery:discover_packages(colcon_meta) discover
[0.618s] Level 1:colcon.colcon_core.package_discovery:discover_packages(recursive) discover
[0.618s] INFO:colcon.colcon_core.package_discovery:Crawling recursively for packages in '/home/lashwinth/develop/src'
[0.618s] Level 1:colcon.colcon_core.package_identification:_identify(.) by extensions ['ignore', 'ignore_ament_install']
[0.618s] Level 1:colcon.colcon_core.package_identification:_identify(.) by extension 'ignore'
[0.618s] Level 1:colcon.colcon_core.package_identification:_identify(.) by extension 'ignore_ament_install'
[0.618s] Level 1:colcon.colcon_core.package_identification:_identify(.) by extensions ['colcon_pkg']
[0.618s] Level 1:colcon.colcon_core.package_identification:_identify(.) by extension 'colcon_pkg'
[0.618s] Level 1:colcon.colcon_core.package_identification:_identify(.) by extensions ['colcon_meta']
[0.618s] Level 1:colcon.colcon_core.package_identification:_identify(.) by extension 'colcon_meta'
[0.618s] Level 1:colcon.colcon_core.package_identification:_identify(.) by extensions ['ros']
[0.618s] Level 1:colcon.colcon_core.package_identification:_identify(.) by extension 'ros'
[0.627s] DEBUG:colcon.colcon_core.package_identification:Package '.' with type 'ros.ament_cmake' and name 'articubot_one'
[0.627s] Level 1:colcon.colcon_core.package_discovery:discover_packages(recursive) using defaults
[0.627s] Level 1:colcon.colcon_core.package_discovery:discover_packages(ignore) discover
[0.627s] Level 1:colcon.colcon_core.package_discovery:discover_packages(ignore) using defaults
[0.627s] Level 1:colcon.colcon_core.package_discovery:discover_packages(path) discover
[0.627s] Level 1:colcon.colcon_core.package_discovery:discover_packages(path) using defaults
[0.683s] Level 1:colcon.colcon_core.package_discovery:discover_packages(prefix_path) check parameters
[0.683s] Level 1:colcon.colcon_core.package_discovery:discover_packages(prefix_path) discover
[0.702s] DEBUG:colcon.colcon_installed_package_information.package_discovery:Found 380 installed packages in /opt/ros/humble
[0.703s] Level 1:colcon.colcon_core.package_discovery:discover_packages(prefix_path) using defaults
[0.781s] Level 5:colcon.colcon_core.verb:set package 'articubot_one' build argument 'cmake_args' from command line to 'None'
[0.781s] Level 5:colcon.colcon_core.verb:set package 'articubot_one' build argument 'cmake_target' from command line to 'None'
[0.782s] Level 5:colcon.colcon_core.verb:set package 'articubot_one' build argument 'cmake_target_skip_unavailable' from command line to 'False'
[0.782s] Level 5:colcon.colcon_core.verb:set package 'articubot_one' build argument 'cmake_clean_cache' from command line to 'False'
[0.782s] Level 5:colcon.colcon_core.verb:set package 'articubot_one' build argument 'cmake_clean_first' from command line to 'False'
[0.782s] Level 5:colcon.colcon_core.verb:set package 'articubot_one' build argument 'cmake_force_configure' from command line to 'False'
[0.782s] Level 5:colcon.colcon_core.verb:set package 'articubot_one' build argument 'ament_cmake_args' from command line to 'None'
[0.782s] Level 5:colcon.colcon_core.verb:set package 'articubot_one' build argument 'catkin_cmake_args' from command line to 'None'
[0.782s] Level 5:colcon.colcon_core.verb:set package 'articubot_one' build argument 'catkin_skip_building_tests' from command line to 'False'
[0.782s] DEBUG:colcon.colcon_core.verb:Building package 'articubot_one' with the following arguments: {'ament_cmake_args': None, 'build_base': '/home/lashwinth/develop/src/build/articubot_one', 'catkin_cmake_args': None, 'catkin_skip_building_tests': False, 'cmake_args': None, 'cmake_clean_cache': False, 'cmake_clean_first': False, 'cmake_force_configure': False, 'cmake_target': None, 'cmake_target_skip_unavailable': False, 'install_base': '/home/lashwinth/develop/src/install/articubot_one', 'merge_install': False, 'path': '/home/lashwinth/develop/src', 'symlink_install': True, 'test_result_base': None}
[0.790s] INFO:colcon.colcon_core.executor:Executing jobs using 'parallel' executor
[0.800s] DEBUG:colcon.colcon_parallel_executor.executor.parallel:run_until_complete
[0.800s] INFO:colcon.colcon_ros.task.ament_cmake.build:Building ROS package in '/home/lashwinth/develop/src' with build type 'ament_cmake'
[0.800s] INFO:colcon.colcon_cmake.task.cmake.build:Building CMake package in '/home/lashwinth/develop/src'
[0.809s] INFO:colcon.colcon_core.plugin_system:Skipping extension 'colcon_core.shell.bat': Not used on non-Windows systems
[0.810s] INFO:colcon.colcon_core.shell:Skip shell extension 'powershell' for command environment: Not usable outside of PowerShell
[0.810s] DEBUG:colcon.colcon_core.shell:Skip shell extension 'dsv' for command environment
[0.832s] DEBUG:colcon.colcon_core.event_handler.log_command:Invoking command in '/home/lashwinth/develop/src/build/articubot_one': CMAKE_PREFIX_PATH=/opt/ros/humble /usr/bin/cmake /home/lashwinth/develop/src -DAMENT_CMAKE_SYMLINK_INSTALL=1 -DCMAKE_INSTALL_PREFIX=/home/lashwinth/develop/src/install/articubot_one
[1.241s] DEBUG:colcon.colcon_core.event_handler.log_command:Invoked command in '/home/lashwinth/develop/src/build/articubot_one' returned '0': CMAKE_PREFIX_PATH=/opt/ros/humble /usr/bin/cmake /home/lashwinth/develop/src -DAMENT_CMAKE_SYMLINK_INSTALL=1 -DCMAKE_INSTALL_PREFIX=/home/lashwinth/develop/src/install/articubot_one
[1.242s] DEBUG:colcon.colcon_core.event_handler.log_command:Invoking command in '/home/lashwinth/develop/src/build/articubot_one': CMAKE_PREFIX_PATH=/opt/ros/humble /usr/bin/cmake --build /home/lashwinth/develop/src/build/articubot_one -- -j8 -l8
[1.266s] DEBUG:colcon.colcon_core.event_handler.log_command:Invoked command in '/home/lashwinth/develop/src/build/articubot_one' returned '0': CMAKE_PREFIX_PATH=/opt/ros/humble /usr/bin/cmake --build /home/lashwinth/develop/src/build/articubot_one -- -j8 -l8
[1.286s] DEBUG:colcon.colcon_core.event_handler.log_command:Invoking command in '/home/lashwinth/develop/src/build/articubot_one': CMAKE_PREFIX_PATH=/opt/ros/humble /usr/bin/cmake --install /home/lashwinth/develop/src/build/articubot_one
[1.493s] Level 1:colcon.colcon_core.environment:create_environment_scripts_only(articubot_one)
[1.493s] DEBUG:colcon.colcon_core.event_handler.log_command:Invoked command in '/home/lashwinth/develop/src/build/articubot_one' returned '0': CMAKE_PREFIX_PATH=/opt/ros/humble /usr/bin/cmake --install /home/lashwinth/develop/src/build/articubot_one
[1.503s] Level 1:colcon.colcon_core.environment:checking '/home/lashwinth/develop/src/install/articubot_one' for CMake module files
[1.504s] Level 1:colcon.colcon_core.environment:checking '/home/lashwinth/develop/src/install/articubot_one' for CMake config files
[1.504s] Level 1:colcon.colcon_core.shell:create_environment_hook('articubot_one', 'cmake_prefix_path')
[1.512s] INFO:colcon.colcon_core.shell:Creating environment hook '/home/lashwinth/develop/src/install/articubot_one/share/articubot_one/hook/cmake_prefix_path.ps1'
[1.513s] INFO:colcon.colcon_core.shell:Creating environment descriptor '/home/lashwinth/develop/src/install/articubot_one/share/articubot_one/hook/cmake_prefix_path.dsv'
[1.513s] INFO:colcon.colcon_core.shell:Creating environment hook '/home/lashwinth/develop/src/install/articubot_one/share/articubot_one/hook/cmake_prefix_path.sh'
[1.514s] Level 1:colcon.colcon_core.environment:checking '/home/lashwinth/develop/src/install/articubot_one/bin'
[1.514s] Level 1:colcon.colcon_core.environment:checking '/home/lashwinth/develop/src/install/articubot_one/lib/pkgconfig/articubot_one.pc'
[1.514s] Level 1:colcon.colcon_core.environment:checking '/home/lashwinth/develop/src/install/articubot_one/lib/python3.10/site-packages'
[1.514s] Level 1:colcon.colcon_core.environment:checking '/home/lashwinth/develop/src/install/articubot_one/bin'
[1.523s] INFO:colcon.colcon_core.shell:Creating package script '/home/lashwinth/develop/src/install/articubot_one/share/articubot_one/package.ps1'
[1.524s] INFO:colcon.colcon_core.shell:Creating package descriptor '/home/lashwinth/develop/src/install/articubot_one/share/articubot_one/package.dsv'
[1.524s] INFO:colcon.colcon_core.shell:Creating package script '/home/lashwinth/develop/src/install/articubot_one/share/articubot_one/package.sh'
[1.525s] INFO:colcon.colcon_core.shell:Creating package script '/home/lashwinth/develop/src/install/articubot_one/share/articubot_one/package.bash'
[1.525s] INFO:colcon.colcon_core.shell:Creating package script '/home/lashwinth/develop/src/install/articubot_one/share/articubot_one/package.zsh'
[1.525s] Level 1:colcon.colcon_core.environment:create_file_with_runtime_dependencies(/home/lashwinth/develop/src/install/articubot_one/share/colcon-core/packages/articubot_one)
[1.547s] Level 1:colcon.colcon_core.environment:create_environment_scripts_only(articubot_one)
[1.556s] Level 1:colcon.colcon_core.environment:checking '/home/lashwinth/develop/src/install/articubot_one' for CMake module files
[1.556s] Level 1:colcon.colcon_core.environment:checking '/home/lashwinth/develop/src/install/articubot_one' for CMake config files
[1.557s] Level 1:colcon.colcon_core.shell:create_environment_hook('articubot_one', 'cmake_prefix_path')
[1.565s] INFO:colcon.colcon_core.shell:Creating environment hook '/home/lashwinth/develop/src/install/articubot_one/share/articubot_one/hook/cmake_prefix_path.ps1'
[1.566s] INFO:colcon.colcon_core.shell:Creating environment descriptor '/home/lashwinth/develop/src/install/articubot_one/share/articubot_one/hook/cmake_prefix_path.dsv'
[1.566s] INFO:colcon.colcon_core.shell:Creating environment hook '/home/lashwinth/develop/src/install/articubot_one/share/articubot_one/hook/cmake_prefix_path.sh'
[1.566s] Level 1:colcon.colcon_core.environment:checking '/home/lashwinth/develop/src/install/articubot_one/bin'
[1.566s] Level 1:colcon.colcon_core.environment:checking '/home/lashwinth/develop/src/install/articubot_one/lib/pkgconfig/articubot_one.pc'
[1.566s] Level 1:colcon.colcon_core.environment:checking '/home/lashwinth/develop/src/install/articubot_one/lib/python3.10/site-packages'
[1.567s] Level 1:colcon.colcon_core.environment:checking '/home/lashwinth/develop/src/install/articubot_one/bin'
[1.576s] INFO:colcon.colcon_core.shell:Creating package script '/home/lashwinth/develop/src/install/articubot_one/share/articubot_one/package.ps1'
[1.576s] INFO:colcon.colcon_core.shell:Creating package descriptor '/home/lashwinth/develop/src/install/articubot_one/share/articubot_one/package.dsv'
[1.576s] INFO:colcon.colcon_core.shell:Creating package script '/home/lashwinth/develop/src/install/articubot_one/share/articubot_one/package.sh'
[1.577s] INFO:colcon.colcon_core.shell:Creating package script '/home/lashwinth/develop/src/install/articubot_one/share/articubot_one/package.bash'
[1.577s] INFO:colcon.colcon_core.shell:Creating package script '/home/lashwinth/develop/src/install/articubot_one/share/articubot_one/package.zsh'
[1.577s] Level 1:colcon.colcon_core.environment:create_file_with_runtime_dependencies(/home/lashwinth/develop/src/install/articubot_one/share/colcon-core/packages/articubot_one)
[1.577s] DEBUG:colcon.colcon_parallel_executor.executor.parallel:closing loop
[1.578s] DEBUG:colcon.colcon_parallel_executor.executor.parallel:loop closed
[1.578s] DEBUG:colcon.colcon_parallel_executor.executor.parallel:run_until_complete finished with '0'
[1.578s] DEBUG:colcon.colcon_core.event_reactor:joining thread
[1.590s] INFO:colcon.colcon_core.plugin_system:Skipping extension 'colcon_notification.desktop_notification.terminal_notifier': Not used on non-Darwin systems
[1.590s] INFO:colcon.colcon_core.plugin_system:Skipping extension 'colcon_notification.desktop_notification.win32': Not used on non-Windows systems
[1.590s] INFO:colcon.colcon_notification.desktop_notification:Sending desktop notification using 'notify2'
[1.598s] DEBUG:colcon.colcon_core.event_reactor:joined thread
[1.608s] INFO:colcon.colcon_core.shell:Creating prefix script '/home/lashwinth/develop/src/install/local_setup.ps1'
[1.608s] INFO:colcon.colcon_core.shell:Creating prefix util module '/home/lashwinth/develop/src/install/_local_setup_util_ps1.py'
[1.609s] INFO:colcon.colcon_core.shell:Creating prefix chain script '/home/lashwinth/develop/src/install/setup.ps1'
[1.619s] INFO:colcon.colcon_core.shell:Creating prefix script '/home/lashwinth/develop/src/install/local_setup.sh'
[1.619s] INFO:colcon.colcon_core.shell:Creating prefix util module '/home/lashwinth/develop/src/install/_local_setup_util_sh.py'
[1.619s] INFO:colcon.colcon_core.shell:Creating prefix chain script '/home/lashwinth/develop/src/install/setup.sh'
[1.629s] INFO:colcon.colcon_core.shell:Creating prefix script '/home/lashwinth/develop/src/install/local_setup.bash'
[1.630s] INFO:colcon.colcon_core.shell:Creating prefix chain script '/home/lashwinth/develop/src/install/setup.bash'
[1.639s] INFO:colcon.colcon_core.shell:Creating prefix script '/home/lashwinth/develop/src/install/local_setup.zsh'
[1.639s] INFO:colcon.colcon_core.shell:Creating prefix chain script '/home/lashwinth/develop/src/install/setup.zsh'
