[0.569s] DEBUG:colcon:Command line arguments: ['/usr/bin/colcon', 'build', '--symlink-install']
[0.569s] DEBUG:colcon:Parsed command line arguments: Namespace(log_base=None, log_level=None, verb_name='build', build_base='build', install_base='install', merge_install=False, symlink_install=True, test_result_base=None, continue_on_error=False, executor='parallel', parallel_workers=8, event_handlers=None, ignore_user_meta=False, metas=['./colcon.meta'], base_paths=['.'], packages_ignore=None, packages_ignore_regex=None, paths=None, packages_up_to=None, packages_up_to_regex=None, packages_above=None, packages_above_and_dependencies=None, packages_above_depth=None, packages_select_by_dep=None, packages_skip_by_dep=None, packages_skip_up_to=None, packages_select_build_failed=False, packages_skip_build_finished=False, packages_select_test_failures=False, packages_skip_test_passed=False, packages_select=None, packages_skip=None, packages_select_regex=None, packages_skip_regex=None, packages_start=None, packages_end=None, allow_overriding=[], cmake_args=None, cmake_target=None, cmake_target_skip_unavailable=False, cmake_clean_cache=False, cmake_clean_first=False, cmake_force_configure=False, ament_cmake_args=None, catkin_cmake_args=None, catkin_skip_building_tests=False, verb_parser=<colcon_defaults.argument_parser.defaults.DefaultArgumentsDecorator object at 0x7febf6aac340>, verb_extension=<colcon_core.verb.build.BuildVerb object at 0x7febf6aad180>, main=<bound method BuildVerb.main of <colcon_core.verb.build.BuildVerb object at 0x7febf6aad180>>)
[0.598s] Level 1:colcon.colcon_core.package_discovery:discover_packages(colcon_meta) check parameters
[0.598s] Level 1:colcon.colcon_core.package_discovery:discover_packages(recursive) check parameters
[0.599s] Level 1:colcon.colcon_core.package_discovery:discover_packages(ignore) check parameters
[0.599s] Level 1:colcon.colcon_core.package_discovery:discover_packages(path) check parameters
[0.599s] Level 1:colcon.colcon_core.package_discovery:discover_packages(colcon_meta) discover
[0.599s] Level 1:colcon.colcon_core.package_discovery:discover_packages(recursive) discover
[0.599s] INFO:colcon.colcon_core.package_discovery:Crawling recursively for packages in '/home/lashwinth/develop/src'
[0.599s] Level 1:colcon.colcon_core.package_identification:_identify(.) by extensions ['ignore', 'ignore_ament_install']
[0.599s] Level 1:colcon.colcon_core.package_identification:_identify(.) by extension 'ignore'
[0.599s] Level 1:colcon.colcon_core.package_identification:_identify(.) by extension 'ignore_ament_install'
[0.599s] Level 1:colcon.colcon_core.package_identification:_identify(.) by extensions ['colcon_pkg']
[0.599s] Level 1:colcon.colcon_core.package_identification:_identify(.) by extension 'colcon_pkg'
[0.599s] Level 1:colcon.colcon_core.package_identification:_identify(.) by extensions ['colcon_meta']
[0.599s] Level 1:colcon.colcon_core.package_identification:_identify(.) by extension 'colcon_meta'
[0.599s] Level 1:colcon.colcon_core.package_identification:_identify(.) by extensions ['ros']
[0.599s] Level 1:colcon.colcon_core.package_identification:_identify(.) by extension 'ros'
[0.607s] DEBUG:colcon.colcon_core.package_identification:Package '.' with type 'ros.ament_cmake' and name 'articubot_one'
[0.607s] Level 1:colcon.colcon_core.package_discovery:discover_packages(recursive) using defaults
[0.607s] Level 1:colcon.colcon_core.package_discovery:discover_packages(ignore) discover
[0.607s] Level 1:colcon.colcon_core.package_discovery:discover_packages(ignore) using defaults
[0.607s] Level 1:colcon.colcon_core.package_discovery:discover_packages(path) discover
[0.607s] Level 1:colcon.colcon_core.package_discovery:discover_packages(path) using defaults
[0.663s] Level 1:colcon.colcon_core.package_discovery:discover_packages(prefix_path) check parameters
[0.663s] Level 1:colcon.colcon_core.package_discovery:discover_packages(prefix_path) discover
[0.681s] DEBUG:colcon.colcon_installed_package_information.package_discovery:Found 1 installed packages in /home/lashwinth/develop/src/install
[0.690s] DEBUG:colcon.colcon_installed_package_information.package_discovery:Found 380 installed packages in /opt/ros/humble
[0.691s] Level 1:colcon.colcon_core.package_discovery:discover_packages(prefix_path) using defaults
[0.761s] Level 5:colcon.colcon_core.verb:set package 'articubot_one' build argument 'cmake_args' from command line to 'None'
[0.761s] Level 5:colcon.colcon_core.verb:set package 'articubot_one' build argument 'cmake_target' from command line to 'None'
[0.761s] Level 5:colcon.colcon_core.verb:set package 'articubot_one' build argument 'cmake_target_skip_unavailable' from command line to 'False'
[0.761s] Level 5:colcon.colcon_core.verb:set package 'articubot_one' build argument 'cmake_clean_cache' from command line to 'False'
[0.761s] Level 5:colcon.colcon_core.verb:set package 'articubot_one' build argument 'cmake_clean_first' from command line to 'False'
[0.761s] Level 5:colcon.colcon_core.verb:set package 'articubot_one' build argument 'cmake_force_configure' from command line to 'False'
[0.761s] Level 5:colcon.colcon_core.verb:set package 'articubot_one' build argument 'ament_cmake_args' from command line to 'None'
[0.761s] Level 5:colcon.colcon_core.verb:set package 'articubot_one' build argument 'catkin_cmake_args' from command line to 'None'
[0.761s] Level 5:colcon.colcon_core.verb:set package 'articubot_one' build argument 'catkin_skip_building_tests' from command line to 'False'
[0.761s] DEBUG:colcon.colcon_core.verb:Building package 'articubot_one' with the following arguments: {'ament_cmake_args': None, 'build_base': '/home/lashwinth/develop/src/build/articubot_one', 'catkin_cmake_args': None, 'catkin_skip_building_tests': False, 'cmake_args': None, 'cmake_clean_cache': False, 'cmake_clean_first': False, 'cmake_force_configure': False, 'cmake_target': None, 'cmake_target_skip_unavailable': False, 'install_base': '/home/lashwinth/develop/src/install/articubot_one', 'merge_install': False, 'path': '/home/lashwinth/develop/src', 'symlink_install': True, 'test_result_base': None}
[0.769s] INFO:colcon.colcon_core.executor:Executing jobs using 'parallel' executor
[0.779s] DEBUG:colcon.colcon_parallel_executor.executor.parallel:run_until_complete
[0.779s] INFO:colcon.colcon_ros.task.ament_cmake.build:Building ROS package in '/home/lashwinth/develop/src' with build type 'ament_cmake'
[0.779s] INFO:colcon.colcon_cmake.task.cmake.build:Building CMake package in '/home/lashwinth/develop/src'
[0.789s] INFO:colcon.colcon_core.plugin_system:Skipping extension 'colcon_core.shell.bat': Not used on non-Windows systems
[0.789s] INFO:colcon.colcon_core.shell:Skip shell extension 'powershell' for command environment: Not usable outside of PowerShell
[0.789s] DEBUG:colcon.colcon_core.shell:Skip shell extension 'dsv' for command environment
[0.823s] DEBUG:colcon.colcon_core.event_handler.log_command:Invoking command in '/home/lashwinth/develop/src/build/articubot_one': CMAKE_PREFIX_PATH=${CMAKE_PREFIX_PATH}:/opt/ros/humble /usr/bin/cmake --build /home/lashwinth/develop/src/build/articubot_one -- -j8 -l8
[0.846s] DEBUG:colcon.colcon_core.event_handler.log_command:Invoked command in '/home/lashwinth/develop/src/build/articubot_one' returned '0': CMAKE_PREFIX_PATH=${CMAKE_PREFIX_PATH}:/opt/ros/humble /usr/bin/cmake --build /home/lashwinth/develop/src/build/articubot_one -- -j8 -l8
[0.866s] DEBUG:colcon.colcon_core.event_handler.log_command:Invoking command in '/home/lashwinth/develop/src/build/articubot_one': CMAKE_PREFIX_PATH=${CMAKE_PREFIX_PATH}:/opt/ros/humble /usr/bin/cmake --install /home/lashwinth/develop/src/build/articubot_one
[0.881s] Level 1:colcon.colcon_core.environment:create_environment_scripts_only(articubot_one)
[0.881s] DEBUG:colcon.colcon_core.event_handler.log_command:Invoked command in '/home/lashwinth/develop/src/build/articubot_one' returned '0': CMAKE_PREFIX_PATH=${CMAKE_PREFIX_PATH}:/opt/ros/humble /usr/bin/cmake --install /home/lashwinth/develop/src/build/articubot_one
[0.891s] Level 1:colcon.colcon_core.environment:checking '/home/lashwinth/develop/src/install/articubot_one' for CMake module files
[0.892s] Level 1:colcon.colcon_core.environment:checking '/home/lashwinth/develop/src/install/articubot_one' for CMake config files
[0.892s] Level 1:colcon.colcon_core.shell:create_environment_hook('articubot_one', 'cmake_prefix_path')
[0.901s] INFO:colcon.colcon_core.shell:Creating environment hook '/home/lashwinth/develop/src/install/articubot_one/share/articubot_one/hook/cmake_prefix_path.ps1'
[0.902s] INFO:colcon.colcon_core.shell:Creating environment descriptor '/home/lashwinth/develop/src/install/articubot_one/share/articubot_one/hook/cmake_prefix_path.dsv'
[0.902s] INFO:colcon.colcon_core.shell:Creating environment hook '/home/lashwinth/develop/src/install/articubot_one/share/articubot_one/hook/cmake_prefix_path.sh'
[0.903s] Level 1:colcon.colcon_core.environment:checking '/home/lashwinth/develop/src/install/articubot_one/bin'
[0.904s] Level 1:colcon.colcon_core.environment:checking '/home/lashwinth/develop/src/install/articubot_one/lib/pkgconfig/articubot_one.pc'
[0.904s] Level 1:colcon.colcon_core.environment:checking '/home/lashwinth/develop/src/install/articubot_one/lib/python3.10/site-packages'
[0.904s] Level 1:colcon.colcon_core.environment:checking '/home/lashwinth/develop/src/install/articubot_one/bin'
[0.913s] INFO:colcon.colcon_core.shell:Creating package script '/home/lashwinth/develop/src/install/articubot_one/share/articubot_one/package.ps1'
[0.914s] INFO:colcon.colcon_core.shell:Creating package descriptor '/home/lashwinth/develop/src/install/articubot_one/share/articubot_one/package.dsv'
[0.914s] INFO:colcon.colcon_core.shell:Creating package script '/home/lashwinth/develop/src/install/articubot_one/share/articubot_one/package.sh'
[0.915s] INFO:colcon.colcon_core.shell:Creating package script '/home/lashwinth/develop/src/install/articubot_one/share/articubot_one/package.bash'
[0.915s] INFO:colcon.colcon_core.shell:Creating package script '/home/lashwinth/develop/src/install/articubot_one/share/articubot_one/package.zsh'
[0.915s] Level 1:colcon.colcon_core.environment:create_file_with_runtime_dependencies(/home/lashwinth/develop/src/install/articubot_one/share/colcon-core/packages/articubot_one)
[0.938s] Level 1:colcon.colcon_core.environment:create_environment_scripts_only(articubot_one)
[0.947s] Level 1:colcon.colcon_core.environment:checking '/home/lashwinth/develop/src/install/articubot_one' for CMake module files
[0.947s] Level 1:colcon.colcon_core.environment:checking '/home/lashwinth/develop/src/install/articubot_one' for CMake config files
[0.947s] Level 1:colcon.colcon_core.shell:create_environment_hook('articubot_one', 'cmake_prefix_path')
[0.955s] INFO:colcon.colcon_core.shell:Creating environment hook '/home/lashwinth/develop/src/install/articubot_one/share/articubot_one/hook/cmake_prefix_path.ps1'
[0.955s] INFO:colcon.colcon_core.shell:Creating environment descriptor '/home/lashwinth/develop/src/install/articubot_one/share/articubot_one/hook/cmake_prefix_path.dsv'
[0.956s] INFO:colcon.colcon_core.shell:Creating environment hook '/home/lashwinth/develop/src/install/articubot_one/share/articubot_one/hook/cmake_prefix_path.sh'
[0.956s] Level 1:colcon.colcon_core.environment:checking '/home/lashwinth/develop/src/install/articubot_one/bin'
[0.956s] Level 1:colcon.colcon_core.environment:checking '/home/lashwinth/develop/src/install/articubot_one/lib/pkgconfig/articubot_one.pc'
[0.956s] Level 1:colcon.colcon_core.environment:checking '/home/lashwinth/develop/src/install/articubot_one/lib/python3.10/site-packages'
[0.956s] Level 1:colcon.colcon_core.environment:checking '/home/lashwinth/develop/src/install/articubot_one/bin'
[0.964s] INFO:colcon.colcon_core.shell:Creating package script '/home/lashwinth/develop/src/install/articubot_one/share/articubot_one/package.ps1'
[0.965s] INFO:colcon.colcon_core.shell:Creating package descriptor '/home/lashwinth/develop/src/install/articubot_one/share/articubot_one/package.dsv'
[0.965s] INFO:colcon.colcon_core.shell:Creating package script '/home/lashwinth/develop/src/install/articubot_one/share/articubot_one/package.sh'
[0.965s] INFO:colcon.colcon_core.shell:Creating package script '/home/lashwinth/develop/src/install/articubot_one/share/articubot_one/package.bash'
[0.966s] INFO:colcon.colcon_core.shell:Creating package script '/home/lashwinth/develop/src/install/articubot_one/share/articubot_one/package.zsh'
[0.966s] Level 1:colcon.colcon_core.environment:create_file_with_runtime_dependencies(/home/lashwinth/develop/src/install/articubot_one/share/colcon-core/packages/articubot_one)
[0.966s] DEBUG:colcon.colcon_parallel_executor.executor.parallel:closing loop
[0.966s] DEBUG:colcon.colcon_parallel_executor.executor.parallel:loop closed
[0.967s] DEBUG:colcon.colcon_parallel_executor.executor.parallel:run_until_complete finished with '0'
[0.967s] DEBUG:colcon.colcon_core.event_reactor:joining thread
[0.979s] INFO:colcon.colcon_core.plugin_system:Skipping extension 'colcon_notification.desktop_notification.terminal_notifier': Not used on non-Darwin systems
[0.979s] INFO:colcon.colcon_core.plugin_system:Skipping extension 'colcon_notification.desktop_notification.win32': Not used on non-Windows systems
[0.979s] INFO:colcon.colcon_notification.desktop_notification:Sending desktop notification using 'notify2'
[0.987s] DEBUG:colcon.colcon_core.event_reactor:joined thread
[0.998s] INFO:colcon.colcon_core.shell:Creating prefix script '/home/lashwinth/develop/src/install/local_setup.ps1'
[0.999s] INFO:colcon.colcon_core.shell:Creating prefix util module '/home/lashwinth/develop/src/install/_local_setup_util_ps1.py'
[1.000s] INFO:colcon.colcon_core.shell:Creating prefix chain script '/home/lashwinth/develop/src/install/setup.ps1'
[1.010s] INFO:colcon.colcon_core.shell:Creating prefix script '/home/lashwinth/develop/src/install/local_setup.sh'
[1.010s] INFO:colcon.colcon_core.shell:Creating prefix util module '/home/lashwinth/develop/src/install/_local_setup_util_sh.py'
[1.011s] INFO:colcon.colcon_core.shell:Creating prefix chain script '/home/lashwinth/develop/src/install/setup.sh'
[1.020s] INFO:colcon.colcon_core.shell:Creating prefix script '/home/lashwinth/develop/src/install/local_setup.bash'
[1.020s] INFO:colcon.colcon_core.shell:Creating prefix chain script '/home/lashwinth/develop/src/install/setup.bash'
[1.029s] INFO:colcon.colcon_core.shell:Creating prefix script '/home/lashwinth/develop/src/install/local_setup.zsh'
[1.029s] INFO:colcon.colcon_core.shell:Creating prefix chain script '/home/lashwinth/develop/src/install/setup.zsh'
